#
# A fatal error has been detected by the Java Runtime Environment:
#
#  SIGSEGV (0xb) at pc=0x00000001186b97d6, pid=22249, tid=0x000000000000a103
#
# JRE version: OpenJDK Runtime Environment (8.0_222-b10) (build 1.8.0_222-b10)
# Java VM: OpenJDK 64-Bit Server VM (25.222-b10 mixed mode bsd-amd64 compressed oops)
# Problematic frame:
# J 1936 C1 java.util.concurrent.locks.AbstractQueuedSynchronizer$ConditionObject.awaitNanos(J)J (156 bytes) @ 0x00000001186b97d6 [0x00000001186b90a0+0x736]
#
# Failed to write core dump. Core dumps have been disabled. To enable core dumping, try "ulimit -c unlimited" before starting Java again
#
# If you would like to submit a bug report, please visit:
#   http://bugreport.java.com/bugreport/crash.jsp
#

---------------  T H R E A D  ---------------

Current thread (0x00007ff26cb43000):  JavaThread "Thread-8" [_thread_in_Java, id=41219, stack(0x000070000281f000,0x000070000291f000)]

siginfo: si_signo: 11 (SIGSEGV), si_code: 1 (SEGV_MAPERR), si_addr: 0x00000001064a53d1

Registers:
RAX=0x00000007e6000100, RBX=0x00000007d08144f8, RCX=0x000000000000b8e0, RDX=0x000000000087f3d1
RSP=0x000070000291e6d0, RBP=0x000070000291e970, RSI=0x0000000000989680, RDI=0x00000000000004d9
R8 =0x00000007d0814378, R9 =0x0000000000000058, R10=0x00000000fa10289f, R11=0x0000000105c26000
R12=0x0000000000000000, R13=0x000070000291e928, R14=0x000070000291e988, R15=0x00007ff26cb43000
RIP=0x00000001186b97d6, EFLAGS=0x0000000000010206, ERR=0x0000000000000006
  TRAPNO=0x000000000000000e

Top of Stack: (sp=0x000070000291e6d0)
0x000070000291e6d0:   407000003d53d563 0000000000000000
0x000070000291e6e0:   4070000000000000 0000000000000000
0x000070000291e6f0:   00007ff26cb43000 000070000291e988
0x000070000291e700:   000070000291e928 0000000000000000
0x000070000291e710:   00000001186c70e0 00000007f0853348
0x000070000291e720:   0000000000000000 000070000291e780
0x000070000291e730:   000070000291e770 000000010af21b4b
0x000070000291e740:   0000000000000000 00007ff26cb43000
0x000070000291e750:   00000007d08144f8 0000000000989680
0x000070000291e760:   00000007e60001f8 00007ff200000001
0x000070000291e770:   000070000291e7c0 00000001181b5938
0x000070000291e780:   000070000291e970 0000314106310ee6
0x000070000291e790:   00000007d0814578 0000000000000000
0x000070000291e7a0:   00000007d0814578 00000001189768e0
0x000070000291e7b0:   00000007d0814a50 0000000000000202
0x000070000291e7c0:   000070000291e970 00000001186c42ec
0x000070000291e7d0:   0000000100000000 000070000291e910
0x000070000291e7e0:   000070000291e8d0 00007ff26cb43000
0x000070000291e7f0:   00007ff26cb43000 000000010ff15f00
0x000070000291e800:   00007ff26cb43000 000000010ff15f00
0x000070000291e810:   00007ff26cb43000 000000010ff15e18
0x000070000291e820:   00007ff26cb43000 000070000291e988
0x000070000291e830:   000070000291e928 0000000000000000
0x000070000291e840:   00000007d0814510 00000007d0814578
0x000070000291e850:   0000000000989680 00000007d0814558
0x000070000291e860:   00000007d0814568 00000007d08149e8
0x000070000291e870:   000070000291e8b0 000070000291e8a0
0x000070000291e880:   000000010cf60790 000000000000000a
0x000070000291e890:   00000007d0814a18 00000001186c3d60
0x000070000291e8a0:   000000010ff15f00 0000000000000246
0x000070000291e8b0:   000070000291e970 00000001186c720c
0x000070000291e8c0:   0000000117f9ce00 00000007d08149e8 

Instructions: (pc=0x00000001186b97d6)
0x00000001186b97b6:   00 00 00 4c 8b d3 49 c1 ea 03 47 89 14 08 4b 8d
0x00000001186b97c6:   14 08 48 c1 ea 09 49 bb 00 60 c2 05 01 00 00 00
0x00000001186b97d6:   42 c6 04 1a 00 49 bd d8 c0 80 d0 07 00 00 00 49
0x00000001186b97e6:   8b d5 48 b9 e0 01 2b 11 01 00 00 00 8b 52 08 49 

Register to memory mapping:

RAX=0x00000007e6000100 is an oop

[error occurred during error reporting (printing register info), id 0xb]

Stack: [0x000070000281f000,0x000070000291f000],  sp=0x000070000291e6d0,  free space=1021k
Native frames: (J=compiled Java code, j=interpreted, Vv=VM code, C=native code)
J 1936 C1 java.util.concurrent.locks.AbstractQueuedSynchronizer$ConditionObject.awaitNanos(J)J (156 bytes) @ 0x00000001186b97d6 [0x00000001186b90a0+0x736]
J 1951 C1 java.util.concurrent.LinkedBlockingQueue.poll(JLjava/util/concurrent/TimeUnit;)Ljava/lang/Object; (134 bytes) @ 0x00000001186c42ec [0x00000001186c3d40+0x5ac]
J 1953 C1 org.gradle.launcher.daemon.server.exec.DaemonConnectionBackedEventConsumer$ForwardEvents.getNextEvent()Ljava/lang/Object; (27 bytes) @ 0x00000001186c720c [0x00000001186c70c0+0x14c]
j  org.gradle.launcher.daemon.server.exec.DaemonConnectionBackedEventConsumer$ForwardEvents.run()V+8
v  ~StubRoutines::call_stub
V  [libjvm.dylib+0x2e3233]
V  [libjvm.dylib+0x2e39da]
V  [libjvm.dylib+0x2e3b86]
V  [libjvm.dylib+0x322538]
V  [libjvm.dylib+0x53fd15]
V  [libjvm.dylib+0x5413fe]
V  [libjvm.dylib+0x463efa]
C  [libsystem_pthread.dylib+0x32eb]  _pthread_body+0x7e
C  [libsystem_pthread.dylib+0x6249]  _pthread_start+0x42
C  [libsystem_pthread.dylib+0x240d]  thread_start+0xd
C  0x0000000000000000


---------------  P R O C E S S  ---------------

Java Threads: ( => current thread )
  0x00007ff26b80d800 JavaThread "Memory manager" [_thread_blocked, id=28163, stack(0x0000700003a55000,0x0000700003b55000)]
  0x00007ff26c558800 JavaThread "pool-1-thread-1" [_thread_blocked, id=27907, stack(0x0000700003952000,0x0000700003a52000)]
  0x00007ff26d97d000 JavaThread "Cache worker for Build Output Cleanup Cache (/Users/dsp/Desktop/Candida_Diet_App/android/.gradle/buildOutputCleanup)" [_thread_blocked, id=27395, stack(0x000070000384f000,0x000070000394f000)]
  0x00007ff270c18000 JavaThread "Build operations Thread 8" [_thread_blocked, id=37123, stack(0x000070000374c000,0x000070000384c000)]
  0x00007ff270c17000 JavaThread "Build operations Thread 7" [_thread_blocked, id=37379, stack(0x0000700003649000,0x0000700003749000)]
  0x00007ff26e2fc000 JavaThread "Build operations Thread 6" [_thread_blocked, id=37635, stack(0x0000700003546000,0x0000700003646000)]
  0x00007ff270d14800 JavaThread "Build operations Thread 5" [_thread_blocked, id=26371, stack(0x0000700003443000,0x0000700003543000)]
  0x00007ff26fa7f000 JavaThread "Build operations Thread 4" [_thread_blocked, id=38147, stack(0x0000700003340000,0x0000700003440000)]
  0x00007ff26ff63000 JavaThread "Build operations Thread 3" [_thread_blocked, id=38403, stack(0x000070000323d000,0x000070000333d000)]
  0x00007ff26c5b3800 JavaThread "Build operations Thread 2" [_thread_blocked, id=25603, stack(0x000070000313a000,0x000070000323a000)]
  0x00007ff26c7de000 JavaThread "Build operations" [_thread_blocked, id=39171, stack(0x0000700003037000,0x0000700003137000)]
  0x00007ff26cd9e800 JavaThread "Cache worker for execution history cache (/Users/dsp/.gradle/caches/5.1.1/executionHistory)" [_thread_blocked, id=14859, stack(0x0000700002f34000,0x0000700003034000)]
  0x00007ff26f60b000 JavaThread "Cache worker for cache directory md-rule (/Users/dsp/.gradle/caches/5.1.1/md-rule)" [_thread_blocked, id=39683, stack(0x0000700002e31000,0x0000700002f31000)]
  0x00007ff271a14000 JavaThread "Cache worker for cache directory md-supplier (/Users/dsp/.gradle/caches/5.1.1/md-supplier)" [_thread_blocked, id=39939, stack(0x0000700002d2e000,0x0000700002e2e000)]
  0x00007ff26db52000 JavaThread "Cache worker for file hash cache (/Users/dsp/Desktop/Candida_Diet_App/android/.gradle/5.1.1/fileHashes)" [_thread_blocked, id=24579, stack(0x0000700002c2b000,0x0000700002d2b000)]
  0x00007ff26cb44000 JavaThread "Cache worker for journal cache (/Users/dsp/.gradle/caches/journal-1)" [_thread_blocked, id=40195, stack(0x0000700002b28000,0x0000700002c28000)]
  0x00007ff26e1c1000 JavaThread "File lock request listener" [_thread_in_native, id=24067, stack(0x0000700002a25000,0x0000700002b25000)]
  0x00007ff26bbb6000 JavaThread "Cache worker for file hash cache (/Users/dsp/.gradle/caches/5.1.1/fileHashes)" [_thread_blocked, id=40707, stack(0x0000700002922000,0x0000700002a22000)]
=>0x00007ff26cb43000 JavaThread "Thread-8" [_thread_in_Java, id=41219, stack(0x000070000281f000,0x000070000291f000)]
  0x00007ff26c523000 JavaThread "Stdin handler" [_thread_blocked, id=41475, stack(0x000070000271c000,0x000070000281c000)]
  0x00007ff26bbad000 JavaThread "Asynchronous log dispatcher for DefaultDaemonConnection: socket connection from /0:0:0:0:0:0:0:1:57512 to /0:0:0:0:0:0:0:1:57513" [_thread_blocked, id=41731, stack(0x0000700002619000,0x0000700002719000)]
  0x00007ff26c52e800 JavaThread "Daemon worker" [_thread_in_vm, id=42243, stack(0x0000700002516000,0x0000700002616000)]
  0x00007ff26c515000 JavaThread "Cancel handler" [_thread_blocked, id=23043, stack(0x0000700002413000,0x0000700002513000)]
  0x00007ff26e946000 JavaThread "Handler for socket connection from /0:0:0:0:0:0:0:1:57512 to /0:0:0:0:0:0:0:1:57513" [_thread_in_native, id=22531, stack(0x0000700002310000,0x0000700002410000)]
  0x00007ff26bbab000 JavaThread "Daemon" [_thread_blocked, id=42755, stack(0x000070000220d000,0x000070000230d000)]
  0x00007ff26fa3b000 JavaThread "Daemon periodic checks" [_thread_blocked, id=22019, stack(0x000070000210a000,0x000070000220a000)]
  0x00007ff26f150000 JavaThread "Incoming local TCP Connector on port 57512" [_thread_in_native, id=21763, stack(0x0000700002007000,0x0000700002107000)]
  0x00007ff26f006000 JavaThread "Service Thread" daemon [_thread_blocked, id=16643, stack(0x0000700001e01000,0x0000700001f01000)]
  0x00007ff26c823800 JavaThread "C1 CompilerThread3" daemon [_thread_blocked, id=17923, stack(0x0000700001cfe000,0x0000700001dfe000)]
  0x00007ff26c81a800 JavaThread "C2 CompilerThread2" daemon [_thread_in_native, id=16131, stack(0x0000700001bfb000,0x0000700001cfb000)]
  0x00007ff26f003000 JavaThread "C2 CompilerThread1" daemon [_thread_in_native, id=15875, stack(0x0000700001af8000,0x0000700001bf8000)]
  0x00007ff26d812800 JavaThread "C2 CompilerThread0" daemon [_thread_in_native, id=15619, stack(0x00007000019f5000,0x0000700001af5000)]
  0x00007ff26c005800 JavaThread "Signal Dispatcher" daemon [_thread_blocked, id=15363, stack(0x00007000018f2000,0x00007000019f2000)]
  0x00007ff26c038800 JavaThread "Finalizer" daemon [_thread_blocked, id=13571, stack(0x00007000017ef000,0x00007000018ef000)]
  0x00007ff26c038000 JavaThread "Reference Handler" daemon [_thread_blocked, id=20227, stack(0x00007000016ec000,0x00007000017ec000)]
  0x00007ff26d802000 JavaThread "main" [_thread_blocked, id=10243, stack(0x0000700000cce000,0x0000700000dce000)]

Other Threads:
  0x00007ff26c80a800 VMThread [stack: 0x00007000015e9000,0x00007000016e9000] [id=12803]
  0x00007ff26e805000 WatcherThread [stack: 0x0000700001f04000,0x0000700002004000] [id=17155]

VM state:not at safepoint (normal execution)

VM Mutex/Monitor currently owned by a thread: None

heap address: 0x00000007d0800000, size: 512 MB, Compressed Oops mode: Zero based, Oop shift amount: 3
Narrow klass base: 0x00000007f0800000, Narrow klass shift: 0
Compressed class space size: 1073741824 Address: 0x00000007f0800000

Heap:
 PSYoungGen      total 151552K, used 118081K [0x00000007e5d80000, 0x00000007f0800000, 0x00000007f0800000)
  eden space 135680K, 87% used [0x00000007e5d80000,0x00000007ed0d0778,0x00000007ee200000)
  from space 15872K, 0% used [0x00000007ee200000,0x00000007ee200000,0x00000007ef180000)
  to   space 19968K, 0% used [0x00000007ef480000,0x00000007ef480000,0x00000007f0800000)
 ParOldGen       total 280576K, used 30836K [0x00000007d0800000, 0x00000007e1a00000, 0x00000007e5d80000)
  object space 280576K, 10% used [0x00000007d0800000,0x00000007d261d358,0x00000007e1a00000)
 Metaspace       used 60643K, capacity 63576K, committed 63832K, reserved 1103872K
  class space    used 8219K, capacity 9034K, committed 9088K, reserved 1048576K

Card table byte_map: [0x0000000109aaa000,0x0000000109bab000] byte_map_base: 0x0000000105c26000

Marking Bits: (ParMarkBitMap*) 0x000000010b49bfa0
 Begin Bits: [0x000000010bb85000, 0x000000010c385000)
 End Bits:   [0x000000010c385000, 0x000000010cb85000)

Polling page: 0x0000000109a54000

CodeCache: size=245760Kb used=21134Kb max_used=21134Kb free=224625Kb
 bounds [0x0000000117f95000, 0x0000000119455000, 0x0000000126f95000]
 total_blobs=7272 nmethods=6482 adapters=703
 compilation: enabled

Compilation events (10 events):
Event: 13.524 Thread 0x00007ff26c823800 nmethod 7102 0x0000000119446590 code [0x0000000119446720, 0x0000000119446c88]
Event: 13.524 Thread 0x00007ff26c823800 7103       3       com.google.common.collect.Sets$2::iterator (9 bytes)
Event: 13.525 Thread 0x00007ff26c823800 nmethod 7103 0x0000000119446f10 code [0x00000001194470a0, 0x0000000119447528]
Event: 13.525 Thread 0x00007ff26c823800 7111       3       org.gradle.api.internal.artifacts.dsl.PublishArtifactNotationParserFactory$FileProviderNotationConverter::parseType (9 bytes)
Event: 13.525 Thread 0x00007ff26c823800 nmethod 7111 0x0000000119447710 code [0x0000000119447880, 0x0000000119447b28]
Event: 13.525 Thread 0x00007ff26c823800 7112       3       org.gradle.api.internal.artifacts.dsl.PublishArtifactNotationParserFactory$FileProviderNotationConverter::parseType (52 bytes)
Event: 13.526 Thread 0x00007ff26c823800 nmethod 7112 0x0000000119447c10 code [0x0000000119447e20, 0x0000000119448ac8]
Event: 13.526 Thread 0x00007ff26c823800 7113       3       org.gradle.api.internal.artifacts.dsl.LazyPublishArtifact::<init> (18 bytes)
Event: 13.526 Thread 0x00007ff26c823800 nmethod 7113 0x00000001194490d0 code [0x0000000119449260, 0x0000000119449610]
Event: 13.526 Thread 0x00007ff26c823800 7114       3       org.gradle.api.internal.artifacts.publish.DecoratingPublishArtifact_Decorated::<init> (6 bytes)

GC Heap History (10 events):
Event: 7.080 GC heap before
{Heap before GC invocations=8 (full 2):
 PSYoungGen      total 129536K, used 3584K [0x00000007e5d80000, 0x00000007f0800000, 0x00000007f0800000)
  eden space 125952K, 0% used [0x00000007e5d80000,0x00000007e5d80000,0x00000007ed880000)
  from space 3584K, 100% used [0x00000007ee500000,0x00000007ee880000,0x00000007ee880000)
  to   space 12800K, 0% used [0x00000007ed880000,0x00000007ed880000,0x00000007ee500000)
 ParOldGen       total 117760K, used 17555K [0x00000007d0800000, 0x00000007d7b00000, 0x00000007e5d80000)
  object space 117760K, 14% used [0x00000007d0800000,0x00000007d1924f18,0x00000007d7b00000)
 Metaspace       used 34641K, capacity 35318K, committed 35416K, reserved 1079296K
  class space    used 4744K, capacity 4941K, committed 4992K, reserved 1048576K
Event: 7.135 GC heap after
Heap after GC invocations=8 (full 2):
 PSYoungGen      total 129536K, used 0K [0x00000007e5d80000, 0x00000007f0800000, 0x00000007f0800000)
  eden space 125952K, 0% used [0x00000007e5d80000,0x00000007e5d80000,0x00000007ed880000)
  from space 3584K, 0% used [0x00000007ee500000,0x00000007ee500000,0x00000007ee880000)
  to   space 12800K, 0% used [0x00000007ed880000,0x00000007ed880000,0x00000007ee500000)
 ParOldGen       total 196608K, used 17797K [0x00000007d0800000, 0x00000007dc800000, 0x00000007e5d80000)
  object space 196608K, 9% used [0x00000007d0800000,0x00000007d1961750,0x00000007dc800000)
 Metaspace       used 34618K, capacity 35240K, committed 35416K, reserved 1079296K
  class space    used 4737K, capacity 4928K, committed 4992K, reserved 1048576K
}
Event: 9.064 GC heap before
{Heap before GC invocations=9 (full 2):
 PSYoungGen      total 129536K, used 125952K [0x00000007e5d80000, 0x00000007f0800000, 0x00000007f0800000)
  eden space 125952K, 100% used [0x00000007e5d80000,0x00000007ed880000,0x00000007ed880000)
  from space 3584K, 0% used [0x00000007ee500000,0x00000007ee500000,0x00000007ee880000)
  to   space 12800K, 0% used [0x00000007ed880000,0x00000007ed880000,0x00000007ee500000)
 ParOldGen       total 196608K, used 17797K [0x00000007d0800000, 0x00000007dc800000, 0x00000007e5d80000)
  object space 196608K, 9% used [0x00000007d0800000,0x00000007d1961750,0x00000007dc800000)
 Metaspace       used 46609K, capacity 47644K, committed 47832K, reserved 1091584K
  class space    used 6311K, capacity 6622K, committed 6656K, reserved 1048576K
Event: 9.074 GC heap after
Heap after GC invocations=9 (full 2):
 PSYoungGen      total 138752K, used 12776K [0x00000007e5d80000, 0x00000007f0800000, 0x00000007f0800000)
  eden space 125952K, 0% used [0x00000007e5d80000,0x00000007e5d80000,0x00000007ed880000)
  from space 12800K, 99% used [0x00000007ed880000,0x00000007ee4fa0a8,0x00000007ee500000)
  to   space 15872K, 0% used [0x00000007ef880000,0x00000007ef880000,0x00000007f0800000)
 ParOldGen       total 196608K, used 20850K [0x00000007d0800000, 0x00000007dc800000, 0x00000007e5d80000)
  object space 196608K, 10% used [0x00000007d0800000,0x00000007d1c5cba8,0x00000007dc800000)
 Metaspace       used 46609K, capacity 47644K, committed 47832K, reserved 1091584K
  class space    used 6311K, capacity 6622K, committed 6656K, reserved 1048576K
}
Event: 11.193 GC heap before
{Heap before GC invocations=10 (full 2):
 PSYoungGen      total 138752K, used 138728K [0x00000007e5d80000, 0x00000007f0800000, 0x00000007f0800000)
  eden space 125952K, 100% used [0x00000007e5d80000,0x00000007ed880000,0x00000007ed880000)
  from space 12800K, 99% used [0x00000007ed880000,0x00000007ee4fa0a8,0x00000007ee500000)
  to   space 15872K, 0% used [0x00000007ef880000,0x00000007ef880000,0x00000007f0800000)
 ParOldGen       total 196608K, used 20850K [0x00000007d0800000, 0x00000007dc800000, 0x00000007e5d80000)
  object space 196608K, 10% used [0x00000007d0800000,0x00000007d1c5cba8,0x00000007dc800000)
 Metaspace       used 56734K, capacity 58230K, committed 58584K, reserved 1099776K
  class space    used 7642K, capacity 8076K, committed 8192K, reserved 1048576K
Event: 11.219 GC heap after
Heap after GC invocations=10 (full 2):
 PSYoungGen      total 151552K, used 15854K [0x00000007e5d80000, 0x00000007f0800000, 0x00000007f0800000)
  eden space 135680K, 0% used [0x00000007e5d80000,0x00000007e5d80000,0x00000007ee200000)
  from space 15872K, 99% used [0x00000007ef880000,0x00000007f07fbb18,0x00000007f0800000)
  to   space 19456K, 0% used [0x00000007ee200000,0x00000007ee200000,0x00000007ef500000)
 ParOldGen       total 196608K, used 25402K [0x00000007d0800000, 0x00000007dc800000, 0x00000007e5d80000)
  object space 196608K, 12% used [0x00000007d0800000,0x00000007d20ce9e8,0x00000007dc800000)
 Metaspace       used 56734K, capacity 58230K, committed 58584K, reserved 1099776K
  class space    used 7642K, capacity 8076K, committed 8192K, reserved 1048576K
}
Event: 11.501 GC heap before
{Heap before GC invocations=11 (full 2):
 PSYoungGen      total 151552K, used 46813K [0x00000007e5d80000, 0x00000007f0800000, 0x00000007f0800000)
  eden space 135680K, 22% used [0x00000007e5d80000,0x00000007e7bbbce0,0x00000007ee200000)
  from space 15872K, 99% used [0x00000007ef880000,0x00000007f07fbb18,0x00000007f0800000)
  to   space 19456K, 0% used [0x00000007ee200000,0x00000007ee200000,0x00000007ef500000)
 ParOldGen       total 196608K, used 25402K [0x00000007d0800000, 0x00000007dc800000, 0x00000007e5d80000)
  object space 196608K, 12% used [0x00000007d0800000,0x00000007d20ce9e8,0x00000007dc800000)
 Metaspace       used 57383K, capacity 58824K, committed 59028K, reserved 1099776K
  class space    used 7742K, capacity 8161K, committed 8192K, reserved 1048576K
Event: 11.512 GC heap after
Heap after GC invocations=11 (full 2):
 PSYoungGen      total 151552K, used 15444K [0x00000007e5d80000, 0x00000007f0800000, 0x00000007f0800000)
  eden space 135680K, 0% used [0x00000007e5d80000,0x00000007e5d80000,0x00000007ee200000)
  from space 15872K, 97% used [0x00000007ee200000,0x00000007ef1153b0,0x00000007ef180000)
  to   space 19968K, 0% used [0x00000007ef480000,0x00000007ef480000,0x00000007f0800000)
 ParOldGen       total 196608K, used 25410K [0x00000007d0800000, 0x00000007dc800000, 0x00000007e5d80000)
  object space 196608K, 12% used [0x00000007d0800000,0x00000007d20d09e8,0x00000007dc800000)
 Metaspace       used 57383K, capacity 58824K, committed 59028K, reserved 1099776K
  class space    used 7742K, capacity 8161K, committed 8192K, reserved 1048576K
}
Event: 11.512 GC heap before
{Heap before GC invocations=12 (full 3):
 PSYoungGen      total 151552K, used 15444K [0x00000007e5d80000, 0x00000007f0800000, 0x00000007f0800000)
  eden space 135680K, 0% used [0x00000007e5d80000,0x00000007e5d80000,0x00000007ee200000)
  from space 15872K, 97% used [0x00000007ee200000,0x00000007ef1153b0,0x00000007ef180000)
  to   space 19968K, 0% used [0x00000007ef480000,0x00000007ef480000,0x00000007f0800000)
 ParOldGen       total 196608K, used 25410K [0x00000007d0800000, 0x00000007dc800000, 0x00000007e5d80000)
  object space 196608K, 12% used [0x00000007d0800000,0x00000007d20d09e8,0x00000007dc800000)
 Metaspace       used 57383K, capacity 58824K, committed 59028K, reserved 1099776K
  class space    used 7742K, capacity 8161K, committed 8192K, reserved 1048576K
Event: 11.781 GC heap after
Heap after GC invocations=12 (full 3):
 PSYoungGen      total 151552K, used 0K [0x00000007e5d80000, 0x00000007f0800000, 0x00000007f0800000)
  eden space 135680K, 0% used [0x00000007e5d80000,0x00000007e5d80000,0x00000007ee200000)
  from space 15872K, 0% used [0x00000007ee200000,0x00000007ee200000,0x00000007ef180000)
  to   space 19968K, 0% used [0x00000007ef480000,0x00000007ef480000,0x00000007f0800000)
 ParOldGen       total 280576K, used 30836K [0x00000007d0800000, 0x00000007e1a00000, 0x00000007e5d80000)
  object space 280576K, 10% used [0x00000007d0800000,0x00000007d261d358,0x00000007e1a00000)
 Metaspace       used 57383K, capacity 58824K, committed 59028K, reserved 1099776K
  class space    used 7742K, capacity 8161K, committed 8192K, reserved 1048576K
}

Deoptimization events (10 events):
Event: 11.965 Thread 0x00007ff26c52e800 Uncommon trap: reason=unstable_if action=reinterpret pc=0x0000000118c42240 method=java.lang.reflect.AccessibleObject.setAccessible0(Ljava/lang/reflect/AccessibleObject;Z)V @ 23
Event: 12.146 Thread 0x00007ff26c52e800 Uncommon trap: reason=bimorphic action=maybe_recompile pc=0x00000001190613ec method=org.codehaus.groovy.util.SingleKeyHashMap.get(Ljava/lang/Object;)Ljava/lang/Object; @ 43
Event: 12.146 Thread 0x00007ff26c52e800 Uncommon trap: reason=bimorphic action=maybe_recompile pc=0x00000001190613ec method=org.codehaus.groovy.util.SingleKeyHashMap.get(Ljava/lang/Object;)Ljava/lang/Object; @ 43
Event: 12.275 Thread 0x00007ff26c52e800 Uncommon trap: reason=class_check action=maybe_recompile pc=0x00000001184eb228 method=java.io.BufferedInputStream.read1([BII)I @ 39
Event: 12.276 Thread 0x00007ff26c52e800 Uncommon trap: reason=class_check action=maybe_recompile pc=0x00000001180ecd38 method=java.io.BufferedInputStream.read1([BII)I @ 39
Event: 12.323 Thread 0x00007ff26c52e800 Uncommon trap: reason=bimorphic action=maybe_recompile pc=0x00000001190613ec method=org.codehaus.groovy.util.SingleKeyHashMap.get(Ljava/lang/Object;)Ljava/lang/Object; @ 43
Event: 12.334 Thread 0x00007ff26c52e800 Uncommon trap: reason=bimorphic action=maybe_recompile pc=0x00000001190613ec method=org.codehaus.groovy.util.SingleKeyHashMap.get(Ljava/lang/Object;)Ljava/lang/Object; @ 43
Event: 12.796 Thread 0x00007ff26c52e800 Uncommon trap: reason=unstable_if action=reinterpret pc=0x0000000118c1358c method=groovy.lang.MetaClassImpl.checkIfStdMethod(Lgroovy/lang/MetaMethod;)V @ 167
Event: 12.803 Thread 0x00007ff26c52e800 Uncommon trap: reason=unstable_if action=reinterpret pc=0x0000000118ccf2e0 method=groovy.lang.MetaClassImpl.checkIfStdMethod(Lgroovy/lang/MetaMethod;)V @ 167
Event: 13.094 Thread 0x00007ff26c52e800 Uncommon trap: reason=unstable_if action=reinterpret pc=0x00000001192882d0 method=org.gradle.internal.logging.slf4j.OutputEventListenerBackedLogger.isLevelAtMost(Lorg/gradle/api/logging/LogLevel;)Z @ 11

Classes redefined (0 events):
No events

Internal exceptions (10 events):
Event: 13.490 Thread 0x00007ff26c52e800 Exception <a 'java/security/PrivilegedActionException'> (0x00000007ece67010) thrown at [/Users/jenkins/workspace/build-scripts/jobs/jdk8u/jdk8u-mac-x64-hotspot/workspace/build/src/hotspot/src/share/vm/prims/jvm.cpp, line 1502]
Event: 13.491 Thread 0x00007ff26c52e800 Exception <a 'java/security/PrivilegedActionException'> (0x00000007ece67f78) thrown at [/Users/jenkins/workspace/build-scripts/jobs/jdk8u/jdk8u-mac-x64-hotspot/workspace/build/src/hotspot/src/share/vm/prims/jvm.cpp, line 1502]
Event: 13.491 Thread 0x00007ff26c52e800 Exception <a 'java/security/PrivilegedActionException'> (0x00000007ece720d8) thrown at [/Users/jenkins/workspace/build-scripts/jobs/jdk8u/jdk8u-mac-x64-hotspot/workspace/build/src/hotspot/src/share/vm/prims/jvm.cpp, line 1502]
Event: 13.491 Thread 0x00007ff26c52e800 Exception <a 'java/security/PrivilegedActionException'> (0x00000007ece73040) thrown at [/Users/jenkins/workspace/build-scripts/jobs/jdk8u/jdk8u-mac-x64-hotspot/workspace/build/src/hotspot/src/share/vm/prims/jvm.cpp, line 1502]
Event: 13.491 Thread 0x00007ff26c52e800 Exception <a 'java/security/PrivilegedActionException'> (0x00000007ece75b40) thrown at [/Users/jenkins/workspace/build-scripts/jobs/jdk8u/jdk8u-mac-x64-hotspot/workspace/build/src/hotspot/src/share/vm/prims/jvm.cpp, line 1502]
Event: 13.491 Thread 0x00007ff26c52e800 Exception <a 'java/security/PrivilegedActionException'> (0x00000007ece76aa8) thrown at [/Users/jenkins/workspace/build-scripts/jobs/jdk8u/jdk8u-mac-x64-hotspot/workspace/build/src/hotspot/src/share/vm/prims/jvm.cpp, line 1502]
Event: 13.491 Thread 0x00007ff26c52e800 Exception <a 'java/security/PrivilegedActionException'> (0x00000007ece79708) thrown at [/Users/jenkins/workspace/build-scripts/jobs/jdk8u/jdk8u-mac-x64-hotspot/workspace/build/src/hotspot/src/share/vm/prims/jvm.cpp, line 1502]
Event: 13.491 Thread 0x00007ff26c52e800 Exception <a 'java/security/PrivilegedActionException'> (0x00000007ece7a670) thrown at [/Users/jenkins/workspace/build-scripts/jobs/jdk8u/jdk8u-mac-x64-hotspot/workspace/build/src/hotspot/src/share/vm/prims/jvm.cpp, line 1502]
Event: 13.492 Thread 0x00007ff26c52e800 Exception <a 'java/lang/ClassNotFoundException': build_dz3didxh3idkiyh0lqqqr2a87$_run_closure1BeanInfo> (0x00000007ece8d160) thrown at [/Users/jenkins/workspace/build-scripts/jobs/jdk8u/jdk8u-mac-x64-hotspot/workspace/build/src/hotspot/src/share/vm/classf
Event: 13.493 Thread 0x00007ff26c52e800 Exception <a 'java/lang/ClassNotFoundException': build_dz3didxh3idkiyh0lqqqr2a87$_run_closure1Customizer> (0x00000007ecea6010) thrown at [/Users/jenkins/workspace/build-scripts/jobs/jdk8u/jdk8u-mac-x64-hotspot/workspace/build/src/hotspot/src/share/vm/clas

Events (10 events):
Event: 13.496 loading class groovy/runtime/metaclass/build_dz3didxh3idkiyh0lqqqr2a87$_run_closure1$_closure5MetaClass
Event: 13.496 loading class groovy/runtime/metaclass/build_dz3didxh3idkiyh0lqqqr2a87$_run_closure1$_closure5MetaClass done
Event: 13.498 loading class groovy/runtime/metaclass/build_dz3didxh3idkiyh0lqqqr2a87$_run_closure2MetaClass
Event: 13.498 loading class groovy/runtime/metaclass/build_dz3didxh3idkiyh0lqqqr2a87$_run_closure2MetaClass done
Event: 13.499 loading class groovy/runtime/metaclass/build_dz3didxh3idkiyh0lqqqr2a87$_run_closure3MetaClass
Event: 13.499 loading class groovy/runtime/metaclass/build_dz3didxh3idkiyh0lqqqr2a87$_run_closure3MetaClass done
Event: 13.506 Thread 0x00007ff26c52e800 DEOPT PACKING pc=0x000000011914a14b sp=0x00007000026112d0
Event: 13.506 Thread 0x00007ff26c52e800 DEOPT UNPACKING pc=0x0000000117fdc4c4 sp=0x0000700002611060 mode 0
Event: 13.507 Executing VM operation: ForceSafepoint
Event: 13.507 Executing VM operation: ForceSafepoint done


Dynamic libraries:
0x00007fff51364000 	/System/Library/Frameworks/Cocoa.framework/Versions/A/Cocoa
0x00007fff5d111000 	/System/Library/Frameworks/Security.framework/Versions/A/Security
0x00007fff4fff7000 	/System/Library/Frameworks/ApplicationServices.framework/Versions/A/ApplicationServices
0x00007fff7d22c000 	/usr/lib/libz.1.dylib
0x00007fff7ab83000 	/usr/lib/libSystem.B.dylib
0x00007fff7c3bc000 	/usr/lib/libobjc.A.dylib
0x00007fff53e5d000 	/System/Library/Frameworks/Foundation.framework/Versions/C/Foundation
0x00007fff51bd9000 	/System/Library/Frameworks/CoreFoundation.framework/Versions/A/CoreFoundation
0x00007fff4f1f0000 	/System/Library/Frameworks/AppKit.framework/Versions/C/AppKit
0x00007fff51762000 	/System/Library/Frameworks/CoreData.framework/Versions/A/CoreData
0x00007fff74648000 	/System/Library/PrivateFrameworks/RemoteViewServices.framework/Versions/A/RemoteViewServices
0x00007fff788bf000 	/System/Library/PrivateFrameworks/UIFoundation.framework/Versions/A/UIFoundation
0x00007fff79fa4000 	/System/Library/PrivateFrameworks/XCTTargetBootstrap.framework/Versions/A/XCTTargetBootstrap
0x00007fff51ae8000 	/System/Library/Frameworks/CoreDisplay.framework/Versions/A/CoreDisplay
0x00007fff6f359000 	/System/Library/PrivateFrameworks/IconServices.framework/Versions/A/IconServices
0x00007fff5677e000 	/System/Library/Frameworks/Metal.framework/Versions/A/Metal
0x00007fff6689c000 	/System/Library/PrivateFrameworks/DesktopServicesPriv.framework/Versions/A/DesktopServicesPriv
0x00007fff7b71f000 	/usr/lib/libenergytrace.dylib
0x00007fff76da6000 	/System/Library/PrivateFrameworks/SkyLight.framework/Versions/A/SkyLight
0x00007fff52020000 	/System/Library/Frameworks/CoreGraphics.framework/Versions/A/CoreGraphics
0x00007fff4dfbc000 	/System/Library/Frameworks/Accelerate.framework/Versions/A/Accelerate
0x00007fff545a6000 	/System/Library/Frameworks/IOSurface.framework/Versions/A/IOSurface
0x00007fff66708000 	/System/Library/PrivateFrameworks/DFRFoundation.framework/Versions/A/DFRFoundation
0x00007fff504da000 	/System/Library/Frameworks/AudioToolbox.framework/Versions/A/AudioToolbox
0x00007fff50753000 	/System/Library/Frameworks/AudioUnit.framework/Versions/A/AudioUnit
0x00007fff6679d000 	/System/Library/PrivateFrameworks/DataDetectorsCore.framework/Versions/A/DataDetectorsCore
0x00007fff50e67000 	/System/Library/Frameworks/Carbon.framework/Versions/A/Frameworks/HIToolbox.framework/Versions/A/HIToolbox
0x00007fff7b878000 	/usr/lib/libicucore.A.dylib
0x00007fff5c684000 	/System/Library/Frameworks/QuartzCore.framework/Versions/A/QuartzCore
0x00007fff5123c000 	/System/Library/Frameworks/Carbon.framework/Versions/A/Frameworks/SpeechRecognition.framework/Versions/A/SpeechRecognition
0x00007fff7acd7000 	/usr/lib/libauto.dylib
0x00007fff7d11f000 	/usr/lib/libxml2.2.dylib
0x00007fff662e3000 	/System/Library/PrivateFrameworks/CoreUI.framework/Versions/A/CoreUI
0x00007fff5164d000 	/System/Library/Frameworks/CoreAudio.framework/Versions/A/CoreAudio
0x00007fff53c92000 	/System/Library/Frameworks/DiskArbitration.framework/Versions/A/DiskArbitration
0x00007fff7bb26000 	/usr/lib/liblangid.dylib
0x00007fff70789000 	/System/Library/PrivateFrameworks/MultitouchSupport.framework/Versions/A/MultitouchSupport
0x00007fff54515000 	/System/Library/Frameworks/IOKit.framework/Versions/A/IOKit
0x00007fff7a743000 	/usr/lib/libDiagnosticMessagesClient.dylib
0x00007fff52e30000 	/System/Library/Frameworks/CoreServices.framework/Versions/A/CoreServices
0x00007fff72443000 	/System/Library/PrivateFrameworks/PerformanceAnalysis.framework/Versions/A/PerformanceAnalysis
0x00007fff5b86b000 	/System/Library/Frameworks/OpenGL.framework/Versions/A/OpenGL
0x00007fff51372000 	/System/Library/Frameworks/ColorSync.framework/Versions/A/ColorSync
0x00007fff526b2000 	/System/Library/Frameworks/CoreImage.framework/Versions/A/CoreImage
0x00007fff53808000 	/System/Library/Frameworks/CoreText.framework/Versions/A/CoreText
0x00007fff54609000 	/System/Library/Frameworks/ImageIO.framework/Versions/A/ImageIO
0x00007fff62935000 	/System/Library/PrivateFrameworks/Backup.framework/Versions/A/Backup
0x00007fff7ac2a000 	/usr/lib/libarchive.2.dylib
0x00007fff50aac000 	/System/Library/Frameworks/CFNetwork.framework/Versions/A/CFNetwork
0x00007fff5d86d000 	/System/Library/Frameworks/SystemConfiguration.framework/Versions/A/SystemConfiguration
0x00007fff7a674000 	/usr/lib/libCRFSuite.dylib
0x00007fff7adc8000 	/usr/lib/libc++.1.dylib
0x00007fff7ae1c000 	/usr/lib/libc++abi.dylib
0x00007fff7da22000 	/usr/lib/system/libcache.dylib
0x00007fff7da27000 	/usr/lib/system/libcommonCrypto.dylib
0x00007fff7da32000 	/usr/lib/system/libcompiler_rt.dylib
0x00007fff7da3a000 	/usr/lib/system/libcopyfile.dylib
0x00007fff7da44000 	/usr/lib/system/libcorecrypto.dylib
0x00007fff7db4f000 	/usr/lib/system/libdispatch.dylib
0x00007fff7db89000 	/usr/lib/system/libdyld.dylib
0x00007fff7dbb6000 	/usr/lib/system/libkeymgr.dylib
0x00007fff7dbc4000 	/usr/lib/system/liblaunch.dylib
0x00007fff7dbc5000 	/usr/lib/system/libmacho.dylib
0x00007fff7dbcb000 	/usr/lib/system/libquarantine.dylib
0x00007fff7dbce000 	/usr/lib/system/libremovefile.dylib
0x00007fff7dbd0000 	/usr/lib/system/libsystem_asl.dylib
0x00007fff7dbe8000 	/usr/lib/system/libsystem_blocks.dylib
0x00007fff7dbe9000 	/usr/lib/system/libsystem_c.dylib
0x00007fff7dc71000 	/usr/lib/system/libsystem_configuration.dylib
0x00007fff7dc75000 	/usr/lib/system/libsystem_coreservices.dylib
0x00007fff7dc79000 	/usr/lib/system/libsystem_darwin.dylib
0x00007fff7dc80000 	/usr/lib/system/libsystem_dnssd.dylib
0x00007fff7dc87000 	/usr/lib/system/libsystem_info.dylib
0x00007fff7dcfc000 	/usr/lib/system/libsystem_m.dylib
0x00007fff7dd48000 	/usr/lib/system/libsystem_malloc.dylib
0x00007fff7dd73000 	/usr/lib/system/libsystem_networkextension.dylib
0x00007fff7dd7e000 	/usr/lib/system/libsystem_notify.dylib
0x00007fff7dd9b000 	/usr/lib/system/libsystem_sandbox.dylib
0x00007fff7dd9f000 	/usr/lib/system/libsystem_secinit.dylib
0x00007fff7dcd3000 	/usr/lib/system/libsystem_kernel.dylib
0x00007fff7dd86000 	/usr/lib/system/libsystem_platform.dylib
0x00007fff7dd90000 	/usr/lib/system/libsystem_pthread.dylib
0x00007fff7dda2000 	/usr/lib/system/libsystem_symptoms.dylib
0x00007fff7ddaa000 	/usr/lib/system/libsystem_trace.dylib
0x00007fff7ddc1000 	/usr/lib/system/libunwind.dylib
0x00007fff7ddc7000 	/usr/lib/system/libxpc.dylib
0x00007fff7ada9000 	/usr/lib/libbsm.0.dylib
0x00007fff7dbb7000 	/usr/lib/system/libkxld.dylib
0x00007fff61d26000 	/System/Library/PrivateFrameworks/AppleFSCompression.framework/Versions/A/AppleFSCompression
0x00007fff7aa43000 	/usr/lib/libOpenScriptingUtil.dylib
0x00007fff7b0d1000 	/usr/lib/libcoretls.dylib
0x00007fff7b0e8000 	/usr/lib/libcoretls_cfhelpers.dylib
0x00007fff7cb53000 	/usr/lib/libpam.2.dylib
0x00007fff7cd13000 	/usr/lib/libsqlite3.dylib
0x00007fff7d10d000 	/usr/lib/libxar.1.dylib
0x00007fff7adba000 	/usr/lib/libbz2.1.0.dylib
0x00007fff7bb28000 	/usr/lib/liblzma.5.dylib
0x00007fff7bfd9000 	/usr/lib/libnetwork.dylib
0x00007fff7ac13000 	/usr/lib/libapple_nghttp2.dylib
0x00007fff7cb5a000 	/usr/lib/libpcap.A.dylib
0x00007fff531cf000 	/System/Library/Frameworks/CoreServices.framework/Versions/A/Frameworks/FSEvents.framework/Versions/A/FSEvents
0x00007fff52eae000 	/System/Library/Frameworks/CoreServices.framework/Versions/A/Frameworks/CarbonCore.framework/Versions/A/CarbonCore
0x00007fff5338a000 	/System/Library/Frameworks/CoreServices.framework/Versions/A/Frameworks/Metadata.framework/Versions/A/Metadata
0x00007fff53429000 	/System/Library/Frameworks/CoreServices.framework/Versions/A/Frameworks/OSServices.framework/Versions/A/OSServices
0x00007fff53474000 	/System/Library/Frameworks/CoreServices.framework/Versions/A/Frameworks/SearchKit.framework/Versions/A/SearchKit
0x00007fff52e31000 	/System/Library/Frameworks/CoreServices.framework/Versions/A/Frameworks/AE.framework/Versions/A/AE
0x00007fff531d8000 	/System/Library/Frameworks/CoreServices.framework/Versions/A/Frameworks/LaunchServices.framework/Versions/A/LaunchServices
0x00007fff53186000 	/System/Library/Frameworks/CoreServices.framework/Versions/A/Frameworks/DictionaryServices.framework/Versions/A/DictionaryServices
0x00007fff534dc000 	/System/Library/Frameworks/CoreServices.framework/Versions/A/Frameworks/SharedFileList.framework/Versions/A/SharedFileList
0x00007fff57846000 	/System/Library/Frameworks/NetFS.framework/Versions/A/NetFS
0x00007fff709ef000 	/System/Library/PrivateFrameworks/NetAuth.framework/Versions/A/NetAuth
0x00007fff7a3a8000 	/System/Library/PrivateFrameworks/login.framework/Versions/A/Frameworks/loginsupport.framework/Versions/A/loginsupport
0x00007fff784c8000 	/System/Library/PrivateFrameworks/TCC.framework/Versions/A/TCC
0x00007fff65940000 	/System/Library/PrivateFrameworks/CoreNLP.framework/Versions/A/CoreNLP
0x00007fff7045f000 	/System/Library/PrivateFrameworks/MetadataUtilities.framework/Versions/A/MetadataUtilities
0x00007fff7bbfd000 	/usr/lib/libmecabra.dylib
0x00007fff4fff8000 	/System/Library/Frameworks/ApplicationServices.framework/Versions/A/Frameworks/ATS.framework/Versions/A/ATS
0x00007fff50347000 	/System/Library/Frameworks/ApplicationServices.framework/Versions/A/Frameworks/ColorSyncLegacy.framework/Versions/A/ColorSyncLegacy
0x00007fff503e6000 	/System/Library/Frameworks/ApplicationServices.framework/Versions/A/Frameworks/HIServices.framework/Versions/A/HIServices
0x00007fff50439000 	/System/Library/Frameworks/ApplicationServices.framework/Versions/A/Frameworks/LangAnalysis.framework/Versions/A/LangAnalysis
0x00007fff50449000 	/System/Library/Frameworks/ApplicationServices.framework/Versions/A/Frameworks/PrintCore.framework/Versions/A/PrintCore
0x00007fff50493000 	/System/Library/Frameworks/ApplicationServices.framework/Versions/A/Frameworks/QD.framework/Versions/A/QD
0x00007fff504cd000 	/System/Library/Frameworks/ApplicationServices.framework/Versions/A/Frameworks/SpeechSynthesis.framework/Versions/A/SpeechSynthesis
0x00007fff7ae44000 	/usr/lib/libcompression.dylib
0x00007fff56a4e000 	/System/Library/Frameworks/MetalPerformanceShaders.framework/Versions/A/MetalPerformanceShaders
0x00007fff4dfd4000 	/System/Library/Frameworks/Accelerate.framework/Versions/A/Frameworks/vImage.framework/Versions/A/vImage
0x00007fff4f04e000 	/System/Library/Frameworks/Accelerate.framework/Versions/A/Frameworks/vecLib.framework/Versions/A/vecLib
0x00007fff4ef9a000 	/System/Library/Frameworks/Accelerate.framework/Versions/A/Frameworks/vecLib.framework/Versions/A/libvMisc.dylib
0x00007fff4edb2000 	/System/Library/Frameworks/Accelerate.framework/Versions/A/Frameworks/vecLib.framework/Versions/A/libvDSP.dylib
0x00007fff4e66e000 	/System/Library/Frameworks/Accelerate.framework/Versions/A/Frameworks/vecLib.framework/Versions/A/libBLAS.dylib
0x00007fff4e95b000 	/System/Library/Frameworks/Accelerate.framework/Versions/A/Frameworks/vecLib.framework/Versions/A/libLAPACK.dylib
0x00007fff4ed05000 	/System/Library/Frameworks/Accelerate.framework/Versions/A/Frameworks/vecLib.framework/Versions/A/libLinearAlgebra.dylib
0x00007fff4ed9e000 	/System/Library/Frameworks/Accelerate.framework/Versions/A/Frameworks/vecLib.framework/Versions/A/libSparseBLAS.dylib
0x00007fff4ed1b000 	/System/Library/Frameworks/Accelerate.framework/Versions/A/Frameworks/vecLib.framework/Versions/A/libQuadrature.dylib
0x00007fff4e8e8000 	/System/Library/Frameworks/Accelerate.framework/Versions/A/Frameworks/vecLib.framework/Versions/A/libBNNS.dylib
0x00007fff4ed21000 	/System/Library/Frameworks/Accelerate.framework/Versions/A/Frameworks/vecLib.framework/Versions/A/libSparse.dylib
0x00007fff6cc8e000 	/System/Library/PrivateFrameworks/GPUWrangler.framework/Versions/A/GPUWrangler
0x00007fff6ef8e000 	/System/Library/PrivateFrameworks/IOAccelerator.framework/Versions/A/IOAccelerator
0x00007fff6ef99000 	/System/Library/PrivateFrameworks/IOPresentment.framework/Versions/A/IOPresentment
0x00007fff66718000 	/System/Library/PrivateFrameworks/DSExternalDisplay.framework/Versions/A/DSExternalDisplay
0x00007fff5acc2000 	/System/Library/Frameworks/OpenGL.framework/Versions/A/Libraries/libCoreFSCache.dylib
0x00007fff56842000 	/System/Library/Frameworks/MetalPerformanceShaders.framework/Frameworks/MPSCore.framework/Versions/A/MPSCore
0x00007fff56862000 	/System/Library/Frameworks/MetalPerformanceShaders.framework/Frameworks/MPSImage.framework/Versions/A/MPSImage
0x00007fff56907000 	/System/Library/Frameworks/MetalPerformanceShaders.framework/Frameworks/MPSNeuralNetwork.framework/Versions/A/MPSNeuralNetwork
0x00007fff568df000 	/System/Library/Frameworks/MetalPerformanceShaders.framework/Frameworks/MPSMatrix.framework/Versions/A/MPSMatrix
0x00007fff56a33000 	/System/Library/Frameworks/MetalPerformanceShaders.framework/Frameworks/MPSRayIntersector.framework/Versions/A/MPSRayIntersector
0x00007fff70488000 	/System/Library/PrivateFrameworks/MetalTools.framework/Versions/A/MetalTools
0x00007fff615d0000 	/System/Library/PrivateFrameworks/AggregateDictionary.framework/Versions/A/AggregateDictionary
0x00007fff7aa23000 	/usr/lib/libMobileGestalt.dylib
0x00007fff5396b000 	/System/Library/Frameworks/CoreVideo.framework/Versions/A/CoreVideo
0x00007fff6da9f000 	/System/Library/PrivateFrameworks/GraphVisualizer.framework/Versions/A/GraphVisualizer
0x00007fff6791e000 	/System/Library/PrivateFrameworks/FaceCore.framework/Versions/A/FaceCore
0x00007fff5a2f0000 	/System/Library/Frameworks/OpenCL.framework/Versions/A/OpenCL
0x00007fff7a77b000 	/usr/lib/libFosl_dynamic.dylib
0x00007fff7125a000 	/System/Library/PrivateFrameworks/OTSVG.framework/Versions/A/OTSVG
0x00007fff500fc000 	/System/Library/Frameworks/ApplicationServices.framework/Versions/A/Frameworks/ATS.framework/Versions/A/Resources/libFontParser.dylib
0x00007fff50214000 	/System/Library/Frameworks/ApplicationServices.framework/Versions/A/Frameworks/ATS.framework/Versions/A/Resources/libFontRegistry.dylib
0x00007fff54877000 	/System/Library/Frameworks/ImageIO.framework/Versions/A/Resources/libJPEG.dylib
0x00007fff54b89000 	/System/Library/Frameworks/ImageIO.framework/Versions/A/Resources/libTIFF.dylib
0x00007fff54b5f000 	/System/Library/Frameworks/ImageIO.framework/Versions/A/Resources/libPng.dylib
0x00007fff54795000 	/System/Library/Frameworks/ImageIO.framework/Versions/A/Resources/libGIF.dylib
0x00007fff5479a000 	/System/Library/Frameworks/ImageIO.framework/Versions/A/Resources/libJP2.dylib
0x00007fff54b86000 	/System/Library/Frameworks/ImageIO.framework/Versions/A/Resources/libRadiance.dylib
0x00007fff61e7d000 	/System/Library/PrivateFrameworks/AppleJPEG.framework/Versions/A/AppleJPEG
0x00007fff5accd000 	/System/Library/Frameworks/OpenGL.framework/Versions/A/Libraries/libGFXShared.dylib
0x00007fff5ae90000 	/System/Library/Frameworks/OpenGL.framework/Versions/A/Libraries/libGLU.dylib
0x00007fff5acd6000 	/System/Library/Frameworks/OpenGL.framework/Versions/A/Libraries/libGL.dylib
0x00007fff5ace2000 	/System/Library/Frameworks/OpenGL.framework/Versions/A/Libraries/libGLImage.dylib
0x00007fff5acbf000 	/System/Library/Frameworks/OpenGL.framework/Versions/A/Libraries/libCVMSPluginSupport.dylib
0x00007fff5acc8000 	/System/Library/Frameworks/OpenGL.framework/Versions/A/Libraries/libCoreVMClient.dylib
0x00007fff7b595000 	/usr/lib/libcups.2.dylib
0x00007fff55d49000 	/System/Library/Frameworks/Kerberos.framework/Versions/A/Kerberos
0x00007fff54279000 	/System/Library/Frameworks/GSS.framework/Versions/A/GSS
0x00007fff7cca8000 	/usr/lib/libresolv.9.dylib
0x00007fff7b787000 	/usr/lib/libiconv.2.dylib
0x00007fff6dc14000 	/System/Library/PrivateFrameworks/Heimdal.framework/Versions/A/Heimdal
0x00007fff7b757000 	/usr/lib/libheimdal-asn1.dylib
0x00007fff5a364000 	/System/Library/Frameworks/OpenDirectory.framework/Versions/A/OpenDirectory
0x00007fff646a3000 	/System/Library/PrivateFrameworks/CommonAuth.framework/Versions/A/CommonAuth
0x00007fff5a348000 	/System/Library/Frameworks/OpenDirectory.framework/Versions/A/Frameworks/CFOpenDirectory.framework/Versions/A/CFOpenDirectory
0x00007fff5d412000 	/System/Library/Frameworks/SecurityFoundation.framework/Versions/A/SecurityFoundation
0x00007fff60b16000 	/System/Library/PrivateFrameworks/APFS.framework/Versions/A/APFS
0x00007fff7d109000 	/usr/lib/libutil.dylib
0x00007fff7ae32000 	/usr/lib/libcharset.1.dylib
0x00007fff6211a000 	/System/Library/PrivateFrameworks/AppleSauce.framework/Versions/A/AppleSauce
0x00007fff6229b000 	/System/Library/PrivateFrameworks/AssertionServices.framework/Versions/A/AssertionServices
0x00007fff629cb000 	/System/Library/PrivateFrameworks/BaseBoard.framework/Versions/A/BaseBoard
0x00007fff7bb58000 	/usr/lib/libmecab.1.0.0.dylib
0x00007fff7b751000 	/usr/lib/libgermantok.dylib
0x00007fff7ac00000 	/usr/lib/libThaiTokenizer.dylib
0x00007fff7a6ab000 	/usr/lib/libChineseTokenizer.dylib
0x00007fff6f646000 	/System/Library/PrivateFrameworks/LanguageModeling.framework/Versions/A/LanguageModeling
0x00007fff65385000 	/System/Library/PrivateFrameworks/CoreEmoji.framework/Versions/A/CoreEmoji
0x00007fff6f722000 	/System/Library/PrivateFrameworks/Lexicon.framework/Versions/A/Lexicon
0x00007fff6f765000 	/System/Library/PrivateFrameworks/LinguisticData.framework/Versions/A/LinguisticData
0x00007fff7ae33000 	/usr/lib/libcmph.dylib
0x00007fff5d4d0000 	/System/Library/Frameworks/ServiceManagement.framework/Versions/A/ServiceManagement
0x00007fff6292c000 	/System/Library/PrivateFrameworks/BackgroundTaskManagement.framework/Versions/A/BackgroundTaskManagement
0x00007fff7d203000 	/usr/lib/libxslt.1.dylib
0x00007fff51169000 	/System/Library/Frameworks/Carbon.framework/Versions/A/Frameworks/Ink.framework/Versions/A/Ink
0x00007fff7873a000 	/System/Library/PrivateFrameworks/TextureIO.framework/Versions/A/TextureIO
0x00007fff7ac54000 	/usr/lib/libate.dylib
0x00007fff66667000 	/System/Library/PrivateFrameworks/CrashReporterSupport.framework/Versions/A/CrashReporterSupport
0x00007fff75e74000 	/System/Library/PrivateFrameworks/Sharing.framework/Versions/A/Sharing
0x00007fff6267e000 	/System/Library/PrivateFrameworks/AuthKit.framework/Versions/A/AuthKit
0x00007fff61bd2000 	/System/Library/PrivateFrameworks/Apple80211.framework/Versions/A/Apple80211
0x00007fff6640f000 	/System/Library/PrivateFrameworks/CoreUtils.framework/Versions/A/CoreUtils
0x00007fff539ac000 	/System/Library/Frameworks/CoreWLAN.framework/Versions/A/CoreWLAN
0x00007fff543a8000 	/System/Library/Frameworks/IOBluetooth.framework/Versions/A/IOBluetooth
0x00007fff742e4000 	/System/Library/PrivateFrameworks/ProtocolBuffer.framework/Versions/A/ProtocolBuffer
0x00007fff706e5000 	/System/Library/PrivateFrameworks/MobileKeyBag.framework/Versions/A/MobileKeyBag
0x00007fff65c53000 	/System/Library/PrivateFrameworks/CorePhoneNumbers.framework/Versions/A/CorePhoneNumbers
0x00007fff61e31000 	/System/Library/PrivateFrameworks/AppleIDAuthSupport.framework/Versions/A/AppleIDAuthSupport
0x00007fff6f619000 	/System/Library/PrivateFrameworks/KeychainCircle.framework/Versions/A/KeychainCircle
0x00007fff7449a000 	/System/Library/PrivateFrameworks/ROCKit.framework/Versions/A/ROCKit
0x00007fff66603000 	/System/Library/PrivateFrameworks/CoreWiFi.framework/Versions/A/CoreWiFi
0x00007fff51737000 	/System/Library/Frameworks/CoreBluetooth.framework/Versions/A/CoreBluetooth
0x00007fff6685e000 	/System/Library/PrivateFrameworks/DebugSymbols.framework/Versions/A/DebugSymbols
0x00007fff661cf000 	/System/Library/PrivateFrameworks/CoreSymbolication.framework/Versions/A/CoreSymbolication
0x00007fff77f55000 	/System/Library/PrivateFrameworks/Symbolication.framework/Versions/A/Symbolication
0x00007fff777f8000 	/System/Library/PrivateFrameworks/SpeechRecognitionCore.framework/Versions/A/SpeechRecognitionCore
0x000000010ac00000 	/Library/Java/JavaVirtualMachines/adoptopenjdk-8.jdk/Contents/Home/jre/lib/server/libjvm.dylib
0x00007fff7cfe4000 	/usr/lib/libstdc++.6.dylib
0x0000000109a0d000 	/Library/Java/JavaVirtualMachines/adoptopenjdk-8.jdk/Contents/Home/jre/lib/libverify.dylib
0x0000000109a1c000 	/Library/Java/JavaVirtualMachines/adoptopenjdk-8.jdk/Contents/Home/jre/lib/libjava.dylib
0x0000000109a9e000 	/Library/Java/JavaVirtualMachines/adoptopenjdk-8.jdk/Contents/Home/jre/lib/libzip.dylib
0x000000010f8d8000 	/Library/Java/JavaVirtualMachines/adoptopenjdk-8.jdk/Contents/Home/jre/lib/libnet.dylib
0x000000010f8b8000 	/Library/Java/JavaVirtualMachines/adoptopenjdk-8.jdk/Contents/Home/jre/lib/libnio.dylib
0x000000010f3d4000 	/Users/dsp/.gradle/native/25/osx-amd64/libnative-platform.dylib
0x000000010f3c7000 	/Library/Java/JavaVirtualMachines/adoptopenjdk-8.jdk/Contents/Home/jre/lib/libmanagement.dylib

VM Arguments:
jvm_args: -XX:MaxMetaspaceSize=256m -XX:+HeapDumpOnOutOfMemoryError -Xmx512m -Dfile.encoding=UTF-8 -Duser.country=US -Duser.language=en -Duser.variant 
java_command: org.gradle.launcher.daemon.bootstrap.GradleDaemon 5.1.1
java_class_path (initial): /Users/dsp/.gradle/wrapper/dists/gradle-5.1.1-all/97z1ksx6lirer3kbvdnh7jtjg/gradle-5.1.1/lib/gradle-launcher-5.1.1.jar
Launcher Type: SUN_STANDARD

Environment Variables:
PATH=/usr/local/opt/ruby/bin:/Users/dsp/.fastlane/bin://Users/dsp/.npm-global/bin:/usr/local/opt/ruby/bin:/Users/dsp/.fastlane/bin://usr/local/bin:/usr/bin:/bin:/usr/sbin:/sbin:/Users/dsp/chromium/depot_tools:/Users/dsp/Library/Android/sdk/emulator:/Users/dsp/Library/Android/sdk/tools:/Users/dsp/Library/Android/sdk/tools/bin:/Users/dsp/miniconda/bin:/usr/local/bin:/usr/bin:/bin:/usr/sbin:/sbin:/Users/dsp/chromium/depot_tools:/Users/dsp/Library/Android/sdk/emulator:/Users/dsp/Library/Android/sdk/tools:/Users/dsp/Library/Android/sdk/tools/bin:/Users/dsp/Library/Android/sdk/platform-tools:/Users/dsp/.rvm/bin:/Users/dsp/chromium/depot_tools:/Users/dsp/Library/Android/sdk/emulator:/Users/dsp/Library/Android/sdk/tools:/Users/dsp/Library/Android/sdk/tools/bin:/Users/dsp/miniconda/bin:/Users/dsp/.npm-global/bin:/usr/local/opt/ruby/bin:/Users/dsp/.fastlane/bin://usr/local/bin:/usr/bin:/bin:/usr/sbin:/sbin:/Users/dsp/chromium/depot_tools:/Users/dsp/Library/Android/sdk/emulator:/Users/dsp/Library/Android/sdk/tools:/Users/dsp/Library/Android/sdk/tools/bin:/Users/dsp/miniconda/bin:/usr/local/bin:/usr/bin:/bin:/usr/sbin:/sbin:/Users/dsp/chromium/depot_tools:/Users/dsp/Library/Android/sdk/emulator:/Users/dsp/Library/Android/sdk/tools:/Users/dsp/Library/Android/sdk/tools/bin:/Users/dsp/Library/Android/sdk/platform-tools:/Users/dsp/.rvm/bin:/Users/dsp/chromium/depot_tools:/Users/dsp/Library/Android/sdk/emulator:/Users/dsp/Library/Android/sdk/tools:/Users/dsp/Library/Android/sdk/tools/bin:/Users/dsp/Library/Android/sdk/platform-tools
SHELL=/bin/bash

Signal Handlers:
SIGSEGV: [libjvm.dylib+0x58618b], sa_mask[0]=11111111011111110111111111111111, sa_flags=SA_ONSTACK|SA_RESTART|SA_SIGINFO
SIGBUS: [libjvm.dylib+0x58618b], sa_mask[0]=11111111011111110111111111111111, sa_flags=SA_RESTART|SA_SIGINFO
SIGFPE: [libjvm.dylib+0x4614ec], sa_mask[0]=11111111011111110111111111111111, sa_flags=SA_RESTART|SA_SIGINFO
SIGPIPE: [libjvm.dylib+0x4614ec], sa_mask[0]=11111111011111110111111111111111, sa_flags=SA_RESTART|SA_SIGINFO
SIGXFSZ: [libjvm.dylib+0x4614ec], sa_mask[0]=11111111011111110111111111111111, sa_flags=SA_RESTART|SA_SIGINFO
SIGILL: [libjvm.dylib+0x4614ec], sa_mask[0]=11111111011111110111111111111111, sa_flags=SA_RESTART|SA_SIGINFO
SIGUSR1: SIG_DFL, sa_mask[0]=00000000000000000000000000000000, sa_flags=SA_RESTART
SIGUSR2: [libjvm.dylib+0x46100a], sa_mask[0]=00100000000000000000000000000000, sa_flags=SA_RESTART|SA_SIGINFO
SIGHUP: [libjvm.dylib+0x45f595], sa_mask[0]=11111111011111110111111111111111, sa_flags=SA_RESTART|SA_SIGINFO
SIGINT: [libjvm.dylib+0x45f595], sa_mask[0]=11111111011111110111111111111111, sa_flags=SA_RESTART|SA_SIGINFO
SIGTERM: [libjvm.dylib+0x45f595], sa_mask[0]=11111111011111110111111111111111, sa_flags=SA_RESTART|SA_SIGINFO
SIGQUIT: [libjvm.dylib+0x45f595], sa_mask[0]=11111111011111110111111111111111, sa_flags=SA_RESTART|SA_SIGINFO


---------------  S Y S T E M  ---------------

OS:Bsduname:Darwin 18.7.0 Darwin Kernel Version 18.7.0: Sat Oct 12 00:02:19 PDT 2019; root:xnu-4903.278.12~1/RELEASE_X86_64 x86_64
rlimit: STACK 8192k, CORE 0k, NPROC 1418, NOFILE 10240, AS infinity
load average:31.69 25.87 25.54

CPU:total 8 (initial active 8) (4 cores per cpu, 2 threads per core) family 6 model 94 stepping 3, cmov, cx8, fxsr, mmx, sse, sse2, sse3, ssse3, sse4.1, sse4.2, popcnt, avx, avx2, aes, clmul, erms, rtm, 3dnowpref, lzcnt, ht, tsc, tscinvbit, bmi1, bmi2, adx

Memory: 4k page, physical 16777216k(62332k free)

/proc/meminfo:


vm_info: OpenJDK 64-Bit Server VM (25.222-b10) for bsd-amd64 JRE (1.8.0_222-b10), built on Jul 17 2019 01:08:37 by "jenkins" with gcc 4.2.1 (Based on Apple Inc. build 5658) (LLVM build 2336.11.00)

time: Sun Nov 24 13:44:17 2019
timezone: EST
elapsed time: 13 seconds (0d 0h 0m 13s)

